flu_000168: Invalid protein sequence
flu_000182: Invalid protein sequence
flu_000189: Invalid protein sequence
flu_000192: Invalid protein sequence
flu_000199: Invalid protein sequence
flu_000206: Invalid protein sequence
flu_000217: Invalid protein sequence
flu_000226: Invalid protein sequence
flu_000237: Invalid protein sequence
flu_000240: Invalid protein sequence
flu_000244: Invalid protein sequence
flu_000248: Invalid protein sequence
flu_000269: Invalid protein sequence
flu_000273: Invalid protein sequence
flu_000275: Invalid protein sequence
flu_000277: Invalid protein sequence
flu_000279: Invalid protein sequence
flu_000281: Invalid protein sequence
flu_000282: Invalid protein sequence
flu_000293: Invalid protein sequence
flu_000296: Invalid protein sequence
flu_000298: Invalid protein sequence
flu_000299: Invalid protein sequence
flu_000315: Invalid protein sequence
flu_000321: Invalid protein sequence
flu_000322: Invalid protein sequence
flu_000329: Invalid protein sequence
flu_000332: Invalid protein sequence
flu_000346: Invalid protein sequence
flu_000373: Invalid protein sequence
flu_000376: Invalid protein sequence
flu_000377: Invalid protein sequence
hiv_nat_000008: Invalid protein sequence
hiv_nat_000027: Invalid protein sequence
hiv_nat_000122: Invalid protein sequence
hiv_nat_000123: Invalid protein sequence
hiv_cntrl_000019: Invalid protein sequence
hiv_cntrl_000020: Invalid protein sequence
hiv_cntrl_000029: Invalid protein sequence
hiv_cntrl_000038: Invalid protein sequence
hiv_cntrl_000041: Invalid protein sequence
hiv_plos_000003: Invalid protein sequence
hiv_plos_000011: Invalid protein sequence
hiv_plos_000014: Invalid protein sequence
hiv_plos_000015: Invalid protein sequence
hiv_plos_000019: Invalid protein sequence
hiv_plos_000022: Invalid protein sequence
hiv_plos_000025: Invalid protein sequence
hiv_plos_000028: Invalid protein sequence
hiv_plos_000038: Invalid protein sequence
gut_hiv_000035: Invalid protein sequence
gut_hiv_000049: Invalid protein sequence
gut_hiv_000072: Invalid protein sequence
mouse_iga_000339: Invalid protein sequence